2018-07-27 23:12:11,794 INFO  ConfigurationUtils - Configuration file /Users/anonymous/Research/alluxio-la/conf/alluxio-site.properties loaded.
2018-07-27 23:12:12,427 INFO  BlockMasterFactory - Creating alluxio.master.block.BlockMaster 
2018-07-27 23:12:12,428 INFO  FileSystemMasterFactory - Creating alluxio.master.file.FileSystemMaster 
2018-07-27 23:12:12,512 INFO  MountTable - Clearing mount table (except the root).
2018-07-27 23:12:12,514 INFO  MountTable - Mounting /Users/anonymous/underFSStorage at /
2018-07-27 23:12:12,520 INFO  ProcessUtils - Starting Alluxio master @localhost/127.0.0.1:19998.
2018-07-27 23:12:12,527 INFO  UfsJournalCheckpointThread - BlockMaster: Journal checkpoint thread started.
2018-07-27 23:12:12,527 INFO  MountTable - Clearing mount table (except the root).
2018-07-27 23:12:12,527 INFO  UfsJournalCheckpointThread - FileSystemMaster: Journal checkpoint thread started.
2018-07-27 23:12:12,527 INFO  UfsJournalCheckpointThread - BlockMaster: Journal checkpointer shutdown has been initiated.
2018-07-27 23:12:12,539 INFO  UfsJournalReader - Reading journal file /Users/anonymous/Research/alluxio-la/journal/FileSystemMaster/v1/logs/0x0-0x1.
2018-07-27 23:12:12,539 INFO  UfsJournalReader - Reading journal file /Users/anonymous/Research/alluxio-la/journal/BlockMaster/v1/logs/0x0-0x1.
2018-07-27 23:12:12,636 INFO  UfsJournalReader - Reading journal file /Users/anonymous/Research/alluxio-la/journal/BlockMaster/v1/logs/0x1-0x10.
2018-07-27 23:12:12,649 INFO  UfsJournalReader - Reading journal file /Users/anonymous/Research/alluxio-la/journal/BlockMaster/v1/logs/0x10-0x15.
2018-07-27 23:12:12,666 INFO  UfsJournalReader - Reading journal file /Users/anonymous/Research/alluxio-la/journal/BlockMaster/v1/logs/0x15-0x46.
2018-07-27 23:12:12,667 INFO  UfsJournalReader - Reading journal file /Users/anonymous/Research/alluxio-la/journal/FileSystemMaster/v1/logs/0x1-0x2b.
2018-07-27 23:12:12,685 INFO  UfsJournalReader - Reading journal file /Users/anonymous/Research/alluxio-la/journal/BlockMaster/v1/logs/0x46-0x5b.
2018-07-27 23:12:12,717 INFO  UfsJournalReader - Reading journal file /Users/anonymous/Research/alluxio-la/journal/BlockMaster/v1/logs/0x5b-0x60.
2018-07-27 23:12:12,757 INFO  UfsJournalReader - Reading journal file /Users/anonymous/Research/alluxio-la/journal/BlockMaster/v1/logs/0x60-0x69.
2018-07-27 23:12:12,772 INFO  UfsJournalReader - Reading journal file /Users/anonymous/Research/alluxio-la/journal/BlockMaster/v1/logs/0x69-0x72.
2018-07-27 23:12:12,780 INFO  UfsJournalReader - Reading journal file /Users/anonymous/Research/alluxio-la/journal/FileSystemMaster/v1/logs/0x2b-0x33.
2018-07-27 23:12:12,791 INFO  UfsJournalReader - Reading journal file /Users/anonymous/Research/alluxio-la/journal/BlockMaster/v1/logs/0x72-0x7f.
2018-07-27 23:12:12,791 INFO  UfsJournalReader - Reading journal file /Users/anonymous/Research/alluxio-la/journal/FileSystemMaster/v1/logs/0x33-0x93.
2018-07-27 23:12:12,800 INFO  UfsJournalReader - Reading journal file /Users/anonymous/Research/alluxio-la/journal/FileSystemMaster/v1/logs/0x93-0xbb.
2018-07-27 23:12:12,801 INFO  UfsJournalReader - Reading journal file /Users/anonymous/Research/alluxio-la/journal/BlockMaster/v1/logs/0x7f-0x8c.
2018-07-27 23:12:12,804 INFO  UfsJournalReader - Reading journal file /Users/anonymous/Research/alluxio-la/journal/FileSystemMaster/v1/logs/0xbb-0xc9.
2018-07-27 23:12:12,814 INFO  UfsJournalReader - Reading journal file /Users/anonymous/Research/alluxio-la/journal/BlockMaster/v1/logs/0x8c-0x93.
2018-07-27 23:12:12,824 INFO  UfsJournalReader - Reading journal file /Users/anonymous/Research/alluxio-la/journal/FileSystemMaster/v1/logs/0xc9-0xd8.
2018-07-27 23:12:12,831 INFO  UfsJournalReader - Reading journal file /Users/anonymous/Research/alluxio-la/journal/BlockMaster/v1/logs/0x93-0x288.
2018-07-27 23:12:12,878 INFO  UfsJournalReader - Reading journal file /Users/anonymous/Research/alluxio-la/journal/FileSystemMaster/v1/logs/0xd8-0xe7.
2018-07-27 23:12:12,878 INFO  UfsJournalReader - Reading journal file /Users/anonymous/Research/alluxio-la/journal/BlockMaster/v1/logs/0x288-0x351.
2018-07-27 23:12:12,880 INFO  UfsJournalReader - Reading journal file /Users/anonymous/Research/alluxio-la/journal/FileSystemMaster/v1/logs/0xe7-0x102.
2018-07-27 23:12:12,898 INFO  UfsJournalReader - Reading journal file /Users/anonymous/Research/alluxio-la/journal/BlockMaster/v1/logs/0x351-0x41a.
2018-07-27 23:12:12,898 INFO  UfsJournalReader - Reading journal file /Users/anonymous/Research/alluxio-la/journal/FileSystemMaster/v1/logs/0x102-0x111.
2018-07-27 23:12:12,900 INFO  UfsJournalReader - Reading journal file /Users/anonymous/Research/alluxio-la/journal/FileSystemMaster/v1/logs/0x111-0x1de.
2018-07-27 23:12:12,910 INFO  UfsJournalReader - Reading journal file /Users/anonymous/Research/alluxio-la/journal/BlockMaster/v1/logs/0x41a-0x4e3.
2018-07-27 23:12:12,922 INFO  UfsJournalReader - Reading journal file /Users/anonymous/Research/alluxio-la/journal/BlockMaster/v1/logs/0x4e3-0x634.
2018-07-27 23:12:12,926 INFO  UfsJournalReader - Reading journal file /Users/anonymous/Research/alluxio-la/journal/FileSystemMaster/v1/logs/0x1de-0x56a.
2018-07-27 23:12:12,944 INFO  UfsJournalReader - Reading journal file /Users/anonymous/Research/alluxio-la/journal/BlockMaster/v1/logs/0x634-0x73b.
2018-07-27 23:12:12,981 INFO  UfsJournalReader - Reading journal file /Users/anonymous/Research/alluxio-la/journal/FileSystemMaster/v1/logs/0x56a-0x699.
2018-07-27 23:12:13,011 INFO  UfsJournalReader - Reading journal file /Users/anonymous/Research/alluxio-la/journal/FileSystemMaster/v1/logs/0x699-0x7c8.
2018-07-27 23:12:13,042 INFO  UfsJournalReader - Reading journal file /Users/anonymous/Research/alluxio-la/journal/FileSystemMaster/v1/logs/0x7c8-0x8f7.
2018-07-27 23:12:13,065 INFO  UfsJournalReader - Reading journal file /Users/anonymous/Research/alluxio-la/journal/FileSystemMaster/v1/logs/0x8f7-0xd6d.
2018-07-27 23:12:13,107 INFO  UfsJournalReader - Reading journal file /Users/anonymous/Research/alluxio-la/journal/FileSystemMaster/v1/logs/0xd6d-0x175d.
2018-07-27 23:12:17,961 INFO  UfsJournalCheckpointThread - BlockMaster: Journal checkpoint thread has been shutdown. No new logs have been found during the quiet period.
2018-07-27 23:12:17,961 INFO  UfsJournalCheckpointThread - BlockMaster: Journal shutdown complete
2018-07-27 23:12:17,962 INFO  UfsJournalReader - Reading journal file /Users/anonymous/Research/alluxio-la/journal/BlockMaster/v1/logs/0x73b-0x7fffffffffffffff.
2018-07-27 23:12:18,064 INFO  UfsJournalCheckpointThread - FileSystemMaster: Journal checkpointer shutdown has been initiated.
2018-07-27 23:12:23,156 INFO  UfsJournalCheckpointThread - FileSystemMaster: Journal checkpoint thread has been shutdown. No new logs have been found during the quiet period.
2018-07-27 23:12:23,156 INFO  UfsJournalCheckpointThread - FileSystemMaster: Journal shutdown complete
2018-07-27 23:12:23,157 INFO  UfsJournalReader - Reading journal file /Users/anonymous/Research/alluxio-la/journal/FileSystemMaster/v1/logs/0x175d-0x7fffffffffffffff.
2018-07-27 23:12:23,179 INFO  AbstractMaster - BlockMaster: Starting primary master.
2018-07-27 23:12:23,186 INFO  AbstractMaster - FileSystemMaster: Starting primary master.
2018-07-27 23:12:23,187 INFO  DefaultFileSystemMaster - Starting fs master as primary
2018-07-27 23:12:23,196 INFO  AlluxioMasterProcess - All masters started
2018-07-27 23:12:23,197 INFO  MetricsSystem - Starting sinks with config: {}.
2018-07-27 23:12:23,208 INFO  log - Logging initialized @11784ms
2018-07-27 23:12:23,325 INFO  Server - jetty-9.2.z-SNAPSHOT
2018-07-27 23:12:23,343 INFO  ContextHandler - Started o.e.j.s.ServletContextHandler@184cf7cf{/metrics/json,null,AVAILABLE}
2018-07-27 23:12:28,771 INFO  ContextHandler - Started o.e.j.w.WebAppContext@f667fe{/,file:/Users/anonymous/Research/alluxio-la/core/server/common/src/main/webapp/,AVAILABLE}{/Users/anonymous/Research/alluxio-la/core/server/common/src/main/webapp}
2018-07-27 23:12:28,778 INFO  ServerConnector - Started ServerConnector@2dee6701{HTTP/1.1}{0.0.0.0:19999}
2018-07-27 23:12:28,778 INFO  Server - Started @17354ms
2018-07-27 23:12:28,778 INFO  WebServer - Alluxio Master Web service started @ /0.0.0.0:19999
2018-07-27 23:12:28,778 INFO  AlluxioMasterProcess - Alluxio master version 1.6.2-SNAPSHOT started. bindHost=/0.0.0.0:19998, connectHost=localhost/127.0.0.1:19998, rpcPort=19998, webPort=19999
2018-07-27 23:12:28,883 INFO  DefaultBlockMaster - getWorkerId(): WorkerNetAddress: WorkerNetAddress{host=143.89.76.29, rpcPort=29998, dataPort=29999, webPort=30000, domainSocketPath=} id: 8341674169037105454
2018-07-27 23:12:28,897 INFO  DefaultBlockMaster - registerWorker(): MasterWorkerInfo{id=8341674169037105454, workerAddress=WorkerNetAddress{host=143.89.76.29, rpcPort=29998, dataPort=29999, webPort=30000, domainSocketPath=}, capacityBytes=16821256192, usedBytes=461373440, lastUpdatedTimeMs=1532704348897, blocks=[308952432640, 308868546560, 308918878208, 308935655424, 308969209856, 308985987072, 309002764288, 309019541504, 309053095936, 309069873152, 309086650368, 309103427584, 309120204800, 309136982016, 309153759232, 309170536448, 309204090880, 309220868096, 308902100992, 308801437696, 308751106048, 308700774400, 308717551616, 308734328832, 308767883264, 308851769344, 309237645312, 309254422528, 309271199744, 309287976960, 309304754176, 309321531392, 309338308608, 309355085824, 67259858944]}
2018-07-27 23:19:57,998 INFO  DefaultFileSystemMaster - User id received at the fs master 0
2018-07-27 23:19:57,998 INFO  LoadAwareMaster - User id received at the lacs master 0
2018-07-27 23:19:57,998 ERROR FileSystemMasterClientServiceHandler - GetLAToken: path=115, options=GetLATokenTOptions(userId:100)
java.lang.NullPointerException
	at alluxio.master.la_master.LoadAwareMaster.access(LoadAwareMaster.java:291)
	at alluxio.master.file.DefaultFileSystemMaster.getLAToken(DefaultFileSystemMaster.java:2702)
	at alluxio.master.file.FileSystemMasterClientServiceHandler$17.call(FileSystemMasterClientServiceHandler.java:385)
	at alluxio.master.file.FileSystemMasterClientServiceHandler$17.call(FileSystemMasterClientServiceHandler.java:382)
	at alluxio.RpcUtils.call(RpcUtils.java:60)
	at alluxio.RpcUtils.callAndLog(RpcUtils.java:113)
	at alluxio.master.file.FileSystemMasterClientServiceHandler.getLAToken(FileSystemMasterClientServiceHandler.java:382)
	at alluxio.thrift.FileSystemMasterClientService$Processor$getLAToken.getResult(FileSystemMasterClientService.java:1845)
	at alluxio.thrift.FileSystemMasterClientService$Processor$getLAToken.getResult(FileSystemMasterClientService.java:1829)
	at org.apache.thrift.ProcessFunction.process(ProcessFunction.java:39)
	at org.apache.thrift.TBaseProcessor.process(TBaseProcessor.java:39)
	at alluxio.master.file.FileSystemMasterClientServiceProcessor.process(FileSystemMasterClientServiceProcessor.java:78)
	at org.apache.thrift.TMultiplexedProcessor.process(TMultiplexedProcessor.java:123)
	at org.apache.thrift.server.TThreadPoolServer$WorkerProcess.run(TThreadPoolServer.java:286)
	at java.util.concurrent.ThreadPoolExecutor.runWorker(ThreadPoolExecutor.java:1149)
	at java.util.concurrent.ThreadPoolExecutor$Worker.run(ThreadPoolExecutor.java:624)
	at java.lang.Thread.run(Thread.java:748)
2018-07-27 23:20:15,359 INFO  LoadAwareMaster - Current dir: /Users/anonymous/Research/alluxio-la
2018-07-27 23:20:15,389 INFO  LoadAwareMaster - cmd: [python, /Users/anonymous/Research/alluxio-la/python/la_fair.py, 76.0, 1, 10.0, 1000.0, 2.463]
2018-07-27 23:20:15,443 INFO  LoadAwareMaster - BlockList[0, 1, 2, 3, 4, 5, 6, 7, 8, 9, 10, 11, 12, 13, 14]
2018-07-27 23:20:15,443 INFO  LoadAwareMaster - ################Allocation results################
2018-07-27 23:20:15,443 INFO  LoadAwareMaster - Locations[0, 0, 0, 0, 0, 0, 0, 0, 0, 0, 0, 0, 0, 0, 0, 0, 0, 0, 0, 0, 0, 0, 0, 0, 0, 0, 0, 0, 0, 0, 0, 0, 0, 0, 0, 0, 0, 0, 0, 0]
2018-07-27 23:20:15,443 INFO  LoadAwareMaster - Ratios[0.0, 0.0, 0.0, 0.0, 0.0, 1.0, 0.0, 1.0, 1.0, 0.0, 0.0, 1.0, 0.0, 0.0, 0.0, 0.0, 0.0, 0.0, 0.0, 0.0, 1.0, 0.0, 0.0, 0.0, 0.0, 0.0, 0.0, 0.0, 0.0, 1.0, 0.0, 0.0, 0.0, 0.0, 0.0, 0.0, 0.0, 0.0, 0.0, 0.0]
2018-07-27 23:20:15,449 INFO  MetricsSystem - Sinks have already been started.
2018-07-27 23:20:15,463 INFO  AbstractClient - Alluxio client (version 1.6.2-SNAPSHOT) is trying to connect with FileSystemMasterClient @ localhost/127.0.0.1:19998
2018-07-27 23:20:15,467 INFO  AbstractClient - Client registered with FileSystemMasterClient @ localhost/127.0.0.1:19998
2018-07-27 23:20:15,507 INFO  UfsJournalLogWriter - Marking /Users/anonymous/Research/alluxio-la/journal/FileSystemMaster/v1/logs/0x175d-0x7fffffffffffffff as complete with log entries within [5981, 7307).
2018-07-27 23:20:15,509 INFO  UfsJournalLogWriter - Created current log file: UfsJournalFile{location=/Users/anonymous/Research/alluxio-la/journal/FileSystemMaster/v1/logs/0x1c8b-0x7fffffffffffffff, start=7307, end=9223372036854775807, isCheckpoint=false}
2018-07-27 23:20:15,513 INFO  UfsJournalLogWriter - Marking /Users/anonymous/Research/alluxio-la/journal/BlockMaster/v1/logs/0x73b-0x7fffffffffffffff as complete with log entries within [1851, 2737).
2018-07-27 23:20:15,514 INFO  UfsJournalLogWriter - Created current log file: UfsJournalFile{location=/Users/anonymous/Research/alluxio-la/journal/BlockMaster/v1/logs/0xab1-0x7fffffffffffffff, start=2737, end=9223372036854775807, isCheckpoint=false}
2018-07-27 23:20:15,655 INFO  FileOutStream - Current block store typealluxio.client.block.AlluxioBlockStore@6ff64b06
2018-07-27 23:20:15,662 INFO  AbstractClient - Alluxio client (version 1.6.2-SNAPSHOT) is trying to connect with BlockMasterClient @ localhost/127.0.0.1:19998
2018-07-27 23:20:15,663 INFO  AbstractClient - Client registered with BlockMasterClient @ localhost/127.0.0.1:19998
2018-07-27 23:20:15,802 INFO  NettyChannelPool - Created netty channel with netty bootstrap Bootstrap(group: NioEventLoopGroup, channelFactory: NioSocketChannel.class, options: {SO_KEEPALIVE=true, TCP_NODELAY=true, ALLOCATOR=PooledByteBufAllocator(directByDefault: true)}, handler: alluxio.client.netty.NettyClient$1@540bb530, remoteAddress: /143.89.76.29:29999).
2018-07-27 23:20:16,115 INFO  LoadAwareFileWriter - write/tests/0 into Alluxio: 10485760 bytes. took 474 ms.
2018-07-27 23:20:16,116 INFO  FileOutStream - Current block store typealluxio.client.block.AlluxioBlockStore@3a4f39c7
2018-07-27 23:20:16,440 INFO  LoadAwareFileWriter - write/tests/1 into Alluxio: 10485760 bytes. took 325 ms.
2018-07-27 23:20:16,441 INFO  FileOutStream - Current block store typealluxio.client.block.AlluxioBlockStore@1197b54
2018-07-27 23:20:16,549 INFO  LoadAwareFileWriter - write/tests/2 into Alluxio: 10485760 bytes. took 109 ms.
2018-07-27 23:20:16,550 INFO  FileOutStream - Current block store typealluxio.client.block.AlluxioBlockStore@c9802b5
2018-07-27 23:20:16,659 INFO  LoadAwareFileWriter - write/tests/3 into Alluxio: 10485760 bytes. took 110 ms.
2018-07-27 23:20:16,660 INFO  FileOutStream - Current block store typealluxio.client.block.AlluxioBlockStore@8fef534
2018-07-27 23:20:16,765 INFO  LoadAwareFileWriter - write/tests/4 into Alluxio: 10485760 bytes. took 105 ms.
2018-07-27 23:20:16,766 INFO  FileOutStream - Current block store typealluxio.client.block.AlluxioBlockStore@4bbc74ed
2018-07-27 23:20:16,781 INFO  LoadAwareFileWriter - write/tests/5 into Alluxio: 10485760 bytes. took 16 ms.
2018-07-27 23:20:16,782 INFO  FileOutStream - Current block store typealluxio.client.block.AlluxioBlockStore@1b57515
2018-07-27 23:20:16,929 INFO  LoadAwareFileWriter - write/tests/6 into Alluxio: 10485760 bytes. took 148 ms.
2018-07-27 23:20:16,931 INFO  FileOutStream - Current block store typealluxio.client.block.AlluxioBlockStore@4d74523c
2018-07-27 23:20:16,945 INFO  LoadAwareFileWriter - write/tests/7 into Alluxio: 10485760 bytes. took 15 ms.
2018-07-27 23:20:16,945 INFO  FileOutStream - Current block store typealluxio.client.block.AlluxioBlockStore@32dc59f3
2018-07-27 23:20:16,962 INFO  LoadAwareFileWriter - write/tests/8 into Alluxio: 10485760 bytes. took 17 ms.
2018-07-27 23:20:16,962 INFO  FileOutStream - Current block store typealluxio.client.block.AlluxioBlockStore@1aef4859
2018-07-27 23:20:17,145 INFO  LoadAwareFileWriter - write/tests/9 into Alluxio: 10485760 bytes. took 183 ms.
2018-07-27 23:20:17,147 INFO  FileOutStream - Current block store typealluxio.client.block.AlluxioBlockStore@30589bcc
2018-07-27 23:20:17,402 INFO  LoadAwareFileWriter - write/tests/10 into Alluxio: 10485760 bytes. took 256 ms.
2018-07-27 23:20:17,402 INFO  FileOutStream - Current block store typealluxio.client.block.AlluxioBlockStore@5f52ca49
2018-07-27 23:20:17,416 INFO  LoadAwareFileWriter - write/tests/11 into Alluxio: 10485760 bytes. took 14 ms.
2018-07-27 23:20:17,417 INFO  FileOutStream - Current block store typealluxio.client.block.AlluxioBlockStore@f110391
2018-07-27 23:20:17,554 INFO  LoadAwareFileWriter - write/tests/12 into Alluxio: 10485760 bytes. took 138 ms.
2018-07-27 23:20:17,555 INFO  FileOutStream - Current block store typealluxio.client.block.AlluxioBlockStore@6f5c3faa
2018-07-27 23:20:17,689 INFO  LoadAwareFileWriter - write/tests/13 into Alluxio: 10485760 bytes. took 134 ms.
2018-07-27 23:20:17,694 INFO  FileOutStream - Current block store typealluxio.client.block.AlluxioBlockStore@5267ded8
2018-07-27 23:20:17,848 INFO  LoadAwareFileWriter - write/tests/14 into Alluxio: 10485760 bytes. took 159 ms.
2018-07-27 23:20:17,849 INFO  FileOutStream - Current block store typealluxio.client.block.AlluxioBlockStore@556d428e
2018-07-27 23:20:18,011 INFO  LoadAwareFileWriter - write/tests/15 into Alluxio: 10485760 bytes. took 163 ms.
2018-07-27 23:20:18,012 INFO  FileOutStream - Current block store typealluxio.client.block.AlluxioBlockStore@5b4296e6
2018-07-27 23:20:18,125 INFO  LoadAwareFileWriter - write/tests/16 into Alluxio: 10485760 bytes. took 114 ms.
2018-07-27 23:20:18,126 INFO  FileOutStream - Current block store typealluxio.client.block.AlluxioBlockStore@32fe3707
2018-07-27 23:20:18,300 INFO  LoadAwareFileWriter - write/tests/17 into Alluxio: 10485760 bytes. took 175 ms.
2018-07-27 23:20:18,301 INFO  FileOutStream - Current block store typealluxio.client.block.AlluxioBlockStore@5e83ae9e
2018-07-27 23:20:18,410 INFO  LoadAwareFileWriter - write/tests/18 into Alluxio: 10485760 bytes. took 110 ms.
2018-07-27 23:20:18,411 INFO  FileOutStream - Current block store typealluxio.client.block.AlluxioBlockStore@6145eef2
2018-07-27 23:20:18,599 INFO  LoadAwareFileWriter - write/tests/19 into Alluxio: 10485760 bytes. took 189 ms.
2018-07-27 23:20:18,600 INFO  FileOutStream - Current block store typealluxio.client.block.AlluxioBlockStore@2effa19a
2018-07-27 23:20:18,613 INFO  LoadAwareFileWriter - write/tests/20 into Alluxio: 10485760 bytes. took 14 ms.
2018-07-27 23:20:18,614 INFO  FileOutStream - Current block store typealluxio.client.block.AlluxioBlockStore@6dfafd4d
2018-07-27 23:20:18,734 INFO  LoadAwareFileWriter - write/tests/21 into Alluxio: 10485760 bytes. took 121 ms.
2018-07-27 23:20:18,735 INFO  FileOutStream - Current block store typealluxio.client.block.AlluxioBlockStore@2e4e4932
2018-07-27 23:20:18,867 INFO  LoadAwareFileWriter - write/tests/22 into Alluxio: 10485760 bytes. took 133 ms.
2018-07-27 23:20:18,868 INFO  FileOutStream - Current block store typealluxio.client.block.AlluxioBlockStore@60b21077
2018-07-27 23:20:19,004 INFO  LoadAwareFileWriter - write/tests/23 into Alluxio: 10485760 bytes. took 137 ms.
2018-07-27 23:20:19,005 INFO  FileOutStream - Current block store typealluxio.client.block.AlluxioBlockStore@33129e8a
2018-07-27 23:20:19,092 INFO  LoadAwareFileWriter - write/tests/24 into Alluxio: 10485760 bytes. took 88 ms.
2018-07-27 23:20:19,093 INFO  FileOutStream - Current block store typealluxio.client.block.AlluxioBlockStore@9381d30
2018-07-27 23:20:19,208 INFO  LoadAwareFileWriter - write/tests/25 into Alluxio: 10485760 bytes. took 116 ms.
2018-07-27 23:20:19,209 INFO  FileOutStream - Current block store typealluxio.client.block.AlluxioBlockStore@55e3c2fc
2018-07-27 23:20:19,353 INFO  LoadAwareFileWriter - write/tests/26 into Alluxio: 10485760 bytes. took 145 ms.
2018-07-27 23:20:19,354 INFO  FileOutStream - Current block store typealluxio.client.block.AlluxioBlockStore@2522419f
2018-07-27 23:20:19,467 INFO  LoadAwareFileWriter - write/tests/27 into Alluxio: 10485760 bytes. took 114 ms.
2018-07-27 23:20:19,467 INFO  FileOutStream - Current block store typealluxio.client.block.AlluxioBlockStore@2636d7f
2018-07-27 23:20:19,577 INFO  LoadAwareFileWriter - write/tests/28 into Alluxio: 10485760 bytes. took 110 ms.
2018-07-27 23:20:19,578 INFO  FileOutStream - Current block store typealluxio.client.block.AlluxioBlockStore@4b7b319e
2018-07-27 23:20:19,591 INFO  LoadAwareFileWriter - write/tests/29 into Alluxio: 10485760 bytes. took 14 ms.
2018-07-27 23:20:19,592 INFO  FileOutStream - Current block store typealluxio.client.block.AlluxioBlockStore@44ee2f
2018-07-27 23:20:19,692 INFO  LoadAwareFileWriter - write/tests/30 into Alluxio: 10485760 bytes. took 101 ms.
2018-07-27 23:20:19,694 INFO  FileOutStream - Current block store typealluxio.client.block.AlluxioBlockStore@375d6901
2018-07-27 23:20:19,865 INFO  LoadAwareFileWriter - write/tests/31 into Alluxio: 10485760 bytes. took 173 ms.
2018-07-27 23:20:19,866 INFO  FileOutStream - Current block store typealluxio.client.block.AlluxioBlockStore@2ecce200
2018-07-27 23:20:19,958 INFO  LoadAwareFileWriter - write/tests/32 into Alluxio: 10485760 bytes. took 93 ms.
2018-07-27 23:20:19,959 INFO  FileOutStream - Current block store typealluxio.client.block.AlluxioBlockStore@3ca9d186
2018-07-27 23:20:20,101 INFO  LoadAwareFileWriter - write/tests/33 into Alluxio: 10485760 bytes. took 143 ms.
2018-07-27 23:20:20,102 INFO  FileOutStream - Current block store typealluxio.client.block.AlluxioBlockStore@1b3b65aa
2018-07-27 23:20:20,195 INFO  LoadAwareFileWriter - write/tests/34 into Alluxio: 10485760 bytes. took 94 ms.
2018-07-27 23:20:20,195 INFO  FileOutStream - Current block store typealluxio.client.block.AlluxioBlockStore@477212ad
2018-07-27 23:20:20,298 INFO  LoadAwareFileWriter - write/tests/35 into Alluxio: 10485760 bytes. took 103 ms.
2018-07-27 23:20:20,299 INFO  FileOutStream - Current block store typealluxio.client.block.AlluxioBlockStore@ee724a1
2018-07-27 23:20:20,410 INFO  LoadAwareFileWriter - write/tests/36 into Alluxio: 10485760 bytes. took 112 ms.
2018-07-27 23:20:20,411 INFO  FileOutStream - Current block store typealluxio.client.block.AlluxioBlockStore@7c30e11a
2018-07-27 23:20:20,523 INFO  LoadAwareFileWriter - write/tests/37 into Alluxio: 10485760 bytes. took 113 ms.
2018-07-27 23:20:20,524 INFO  FileOutStream - Current block store typealluxio.client.block.AlluxioBlockStore@3ce6dd03
2018-07-27 23:20:20,635 INFO  LoadAwareFileWriter - write/tests/38 into Alluxio: 10485760 bytes. took 112 ms.
2018-07-27 23:20:20,636 INFO  FileOutStream - Current block store typealluxio.client.block.AlluxioBlockStore@6bd64748
2018-07-27 23:20:20,746 INFO  LoadAwareFileWriter - write/tests/39 into Alluxio: 10485760 bytes. took 111 ms.
2018-07-27 23:20:31,794 INFO  DefaultFileSystemMaster - User id received at the fs master 0
2018-07-27 23:20:31,794 INFO  LoadAwareMaster - User id received at the lacs master 0
2018-07-28 11:13:41,726 INFO  DefaultFileSystemMaster - User id received at the fs master 0
2018-07-28 11:13:41,738 INFO  LoadAwareMaster - User id received at the lacs master 0
2018-07-28 15:05:53,708 INFO  ConfigurationUtils - Configuration file /Users/anonymous/Research/alluxio-la/conf/alluxio-site.properties loaded.
2018-07-28 15:05:54,553 INFO  BlockMasterFactory - Creating alluxio.master.block.BlockMaster 
2018-07-28 15:05:54,553 INFO  FileSystemMasterFactory - Creating alluxio.master.file.FileSystemMaster 
2018-07-28 15:05:54,641 INFO  MountTable - Clearing mount table (except the root).
2018-07-28 15:05:54,642 INFO  MountTable - Mounting /Users/anonymous/underFSStorage at /
2018-07-28 15:05:54,649 INFO  ProcessUtils - Starting Alluxio master @localhost/127.0.0.1:19998.
2018-07-28 15:05:54,663 INFO  UfsJournalCheckpointThread - BlockMaster: Journal checkpoint thread started.
2018-07-28 15:05:54,663 INFO  MountTable - Clearing mount table (except the root).
2018-07-28 15:05:54,664 INFO  UfsJournalCheckpointThread - FileSystemMaster: Journal checkpoint thread started.
2018-07-28 15:05:54,664 INFO  UfsJournalCheckpointThread - BlockMaster: Journal checkpointer shutdown has been initiated.
2018-07-28 15:05:54,673 INFO  UfsJournalReader - Reading journal file /Users/anonymous/Research/alluxio-la/journal/BlockMaster/v1/logs/0x0-0x1.
2018-07-28 15:05:54,673 INFO  UfsJournalReader - Reading journal file /Users/anonymous/Research/alluxio-la/journal/FileSystemMaster/v1/logs/0x0-0x1.
2018-07-28 15:05:54,796 INFO  UfsJournalReader - Reading journal file /Users/anonymous/Research/alluxio-la/journal/BlockMaster/v1/logs/0x1-0x10.
2018-07-28 15:05:54,811 INFO  UfsJournalReader - Reading journal file /Users/anonymous/Research/alluxio-la/journal/BlockMaster/v1/logs/0x10-0x15.
2018-07-28 15:05:54,815 INFO  UfsJournalReader - Reading journal file /Users/anonymous/Research/alluxio-la/journal/FileSystemMaster/v1/logs/0x1-0x2b.
2018-07-28 15:05:54,828 INFO  UfsJournalReader - Reading journal file /Users/anonymous/Research/alluxio-la/journal/BlockMaster/v1/logs/0x15-0x46.
2018-07-28 15:05:54,847 INFO  UfsJournalReader - Reading journal file /Users/anonymous/Research/alluxio-la/journal/BlockMaster/v1/logs/0x46-0x5b.
2018-07-28 15:05:54,868 INFO  UfsJournalReader - Reading journal file /Users/anonymous/Research/alluxio-la/journal/BlockMaster/v1/logs/0x5b-0x60.
2018-07-28 15:05:54,897 INFO  UfsJournalReader - Reading journal file /Users/anonymous/Research/alluxio-la/journal/BlockMaster/v1/logs/0x60-0x69.
2018-07-28 15:05:54,912 INFO  UfsJournalReader - Reading journal file /Users/anonymous/Research/alluxio-la/journal/BlockMaster/v1/logs/0x69-0x72.
2018-07-28 15:05:54,931 INFO  UfsJournalReader - Reading journal file /Users/anonymous/Research/alluxio-la/journal/BlockMaster/v1/logs/0x72-0x7f.
2018-07-28 15:05:54,938 INFO  UfsJournalReader - Reading journal file /Users/anonymous/Research/alluxio-la/journal/FileSystemMaster/v1/logs/0x2b-0x33.
2018-07-28 15:05:54,941 INFO  UfsJournalReader - Reading journal file /Users/anonymous/Research/alluxio-la/journal/BlockMaster/v1/logs/0x7f-0x8c.
2018-07-28 15:05:54,941 INFO  UfsJournalReader - Reading journal file /Users/anonymous/Research/alluxio-la/journal/FileSystemMaster/v1/logs/0x33-0x93.
2018-07-28 15:05:54,950 INFO  UfsJournalReader - Reading journal file /Users/anonymous/Research/alluxio-la/journal/FileSystemMaster/v1/logs/0x93-0xbb.
2018-07-28 15:05:54,954 INFO  UfsJournalReader - Reading journal file /Users/anonymous/Research/alluxio-la/journal/BlockMaster/v1/logs/0x8c-0x93.
2018-07-28 15:05:54,957 INFO  UfsJournalReader - Reading journal file /Users/anonymous/Research/alluxio-la/journal/FileSystemMaster/v1/logs/0xbb-0xc9.
2018-07-28 15:05:54,970 INFO  UfsJournalReader - Reading journal file /Users/anonymous/Research/alluxio-la/journal/BlockMaster/v1/logs/0x93-0x288.
2018-07-28 15:05:54,975 INFO  UfsJournalReader - Reading journal file /Users/anonymous/Research/alluxio-la/journal/FileSystemMaster/v1/logs/0xc9-0xd8.
2018-07-28 15:05:55,003 INFO  UfsJournalReader - Reading journal file /Users/anonymous/Research/alluxio-la/journal/BlockMaster/v1/logs/0x288-0x351.
2018-07-28 15:05:55,009 INFO  UfsJournalReader - Reading journal file /Users/anonymous/Research/alluxio-la/journal/FileSystemMaster/v1/logs/0xd8-0xe7.
2018-07-28 15:05:55,014 INFO  UfsJournalReader - Reading journal file /Users/anonymous/Research/alluxio-la/journal/FileSystemMaster/v1/logs/0xe7-0x102.
2018-07-28 15:05:55,015 INFO  UfsJournalReader - Reading journal file /Users/anonymous/Research/alluxio-la/journal/BlockMaster/v1/logs/0x351-0x41a.
2018-07-28 15:05:55,016 INFO  UfsJournalReader - Reading journal file /Users/anonymous/Research/alluxio-la/journal/FileSystemMaster/v1/logs/0x102-0x111.
2018-07-28 15:05:55,028 INFO  UfsJournalReader - Reading journal file /Users/anonymous/Research/alluxio-la/journal/BlockMaster/v1/logs/0x41a-0x4e3.
2018-07-28 15:05:55,028 INFO  UfsJournalReader - Reading journal file /Users/anonymous/Research/alluxio-la/journal/FileSystemMaster/v1/logs/0x111-0x1de.
2018-07-28 15:05:55,039 INFO  UfsJournalReader - Reading journal file /Users/anonymous/Research/alluxio-la/journal/BlockMaster/v1/logs/0x4e3-0x634.
2018-07-28 15:05:55,055 INFO  UfsJournalReader - Reading journal file /Users/anonymous/Research/alluxio-la/journal/BlockMaster/v1/logs/0x634-0x73b.
2018-07-28 15:05:55,061 INFO  UfsJournalReader - Reading journal file /Users/anonymous/Research/alluxio-la/journal/BlockMaster/v1/logs/0x73b-0xab1.
2018-07-28 15:05:55,062 INFO  UfsJournalReader - Reading journal file /Users/anonymous/Research/alluxio-la/journal/FileSystemMaster/v1/logs/0x1de-0x56a.
2018-07-28 15:05:55,127 INFO  UfsJournalReader - Reading journal file /Users/anonymous/Research/alluxio-la/journal/FileSystemMaster/v1/logs/0x56a-0x699.
2018-07-28 15:05:55,150 INFO  UfsJournalReader - Reading journal file /Users/anonymous/Research/alluxio-la/journal/FileSystemMaster/v1/logs/0x699-0x7c8.
2018-07-28 15:05:55,181 INFO  UfsJournalReader - Reading journal file /Users/anonymous/Research/alluxio-la/journal/FileSystemMaster/v1/logs/0x7c8-0x8f7.
2018-07-28 15:05:55,226 INFO  UfsJournalReader - Reading journal file /Users/anonymous/Research/alluxio-la/journal/FileSystemMaster/v1/logs/0x8f7-0xd6d.
2018-07-28 15:05:55,269 INFO  UfsJournalReader - Reading journal file /Users/anonymous/Research/alluxio-la/journal/FileSystemMaster/v1/logs/0xd6d-0x175d.
2018-07-28 15:05:55,301 INFO  UfsJournalReader - Reading journal file /Users/anonymous/Research/alluxio-la/journal/FileSystemMaster/v1/logs/0x175d-0x1c8b.
2018-07-28 15:06:00,102 INFO  UfsJournalCheckpointThread - BlockMaster: Journal checkpoint thread has been shutdown. No new logs have been found during the quiet period.
2018-07-28 15:06:00,102 INFO  UfsJournalCheckpointThread - BlockMaster: Journal shutdown complete
2018-07-28 15:06:00,104 INFO  UfsJournalReader - Reading journal file /Users/anonymous/Research/alluxio-la/journal/BlockMaster/v1/logs/0xab1-0x7fffffffffffffff.
2018-07-28 15:06:00,144 INFO  UfsJournalCheckpointThread - FileSystemMaster: Journal checkpointer shutdown has been initiated.
2018-07-28 15:06:05,370 INFO  UfsJournalCheckpointThread - FileSystemMaster: Journal checkpoint thread has been shutdown. No new logs have been found during the quiet period.
2018-07-28 15:06:05,370 INFO  UfsJournalCheckpointThread - FileSystemMaster: Journal shutdown complete
2018-07-28 15:06:05,371 INFO  UfsJournalReader - Reading journal file /Users/anonymous/Research/alluxio-la/journal/FileSystemMaster/v1/logs/0x1c8b-0x7fffffffffffffff.
2018-07-28 15:06:05,375 INFO  AbstractMaster - BlockMaster: Starting primary master.
2018-07-28 15:06:05,450 INFO  AbstractMaster - FileSystemMaster: Starting primary master.
2018-07-28 15:06:05,450 INFO  DefaultFileSystemMaster - Starting fs master as primary
2018-07-28 15:06:05,581 INFO  AlluxioMasterProcess - All masters started
2018-07-28 15:06:05,582 INFO  MetricsSystem - Starting sinks with config: {}.
2018-07-28 15:06:05,667 INFO  log - Logging initialized @12446ms
2018-07-28 15:06:08,136 INFO  Server - jetty-9.2.z-SNAPSHOT
2018-07-28 15:06:08,198 INFO  ContextHandler - Started o.e.j.s.ServletContextHandler@4fe767f3{/metrics/json,null,AVAILABLE}
2018-07-28 15:06:15,184 INFO  ContextHandler - Started o.e.j.w.WebAppContext@2262b621{/,file:/Users/anonymous/Research/alluxio-la/core/server/common/src/main/webapp/,AVAILABLE}{/Users/anonymous/Research/alluxio-la/core/server/common/src/main/webapp}
2018-07-28 15:06:15,190 INFO  ServerConnector - Started ServerConnector@6d970a88{HTTP/1.1}{0.0.0.0:19999}
2018-07-28 15:06:15,191 INFO  Server - Started @21970ms
2018-07-28 15:06:15,191 INFO  WebServer - Alluxio Master Web service started @ /0.0.0.0:19999
2018-07-28 15:06:15,191 INFO  AlluxioMasterProcess - Alluxio master version 1.6.2-SNAPSHOT started. bindHost=/0.0.0.0:19998, connectHost=localhost/127.0.0.1:19998, rpcPort=19998, webPort=19999
2018-07-28 15:06:15,304 INFO  DefaultBlockMaster - getWorkerId(): WorkerNetAddress: WorkerNetAddress{host=143.89.76.29, rpcPort=29998, dataPort=29999, webPort=30000, domainSocketPath=} id: 2148860661535358444
2018-07-28 15:06:15,318 INFO  DefaultBlockMaster - registerWorker(): MasterWorkerInfo{id=2148860661535358444, workerAddress=WorkerNetAddress{host=143.89.76.29, rpcPort=29998, dataPort=29999, webPort=30000, domainSocketPath=}, capacityBytes=16821256192, usedBytes=461373440, lastUpdatedTimeMs=1532761575317, blocks=[319018762240, 318934876160, 318985207808, 319001985024, 319035539456, 319052316672, 319069093888, 319085871104, 319119425536, 319136202752, 319152979968, 319169757184, 319186534400, 319203311616, 319220088832, 319236866048, 319270420480, 319287197696, 319303974912, 319320752128, 319337529344, 319354306560, 319371083776, 319387860992, 319404638208, 319421415424, 318968430592, 318867767296, 318817435648, 318767104000, 318783881216, 318800658432, 318834212864, 318918098944, 67259858944]}
2018-07-28 15:06:15,374 INFO  LoadAwareMaster - Current dir: /Users/anonymous/Research/alluxio-la
2018-07-28 15:06:15,405 INFO  LoadAwareMaster - cmd: [python, /Users/anonymous/Research/alluxio-la/python/la_fair.py, 76.0, 1, 10.0, 1000.0, 2.463]
2018-07-28 15:06:15,493 INFO  LoadAwareMaster - BlockList[0, 1, 2, 3, 4, 5, 6, 7, 8, 9, 10, 11, 12, 13, 14]
2018-07-28 15:06:15,493 INFO  LoadAwareMaster - ################Allocation results################
2018-07-28 15:06:15,493 INFO  LoadAwareMaster - Locations[0, 0, 0, 0, 0, 0, 0, 0, 0, 0, 0, 0, 0, 0, 0, 0, 0, 0, 0, 0, 0, 0, 0, 0, 0, 0, 0, 0, 0, 0, 0, 0, 0, 0, 0, 0, 0, 0, 0, 0]
2018-07-28 15:06:15,493 INFO  LoadAwareMaster - Ratios[0.0, 0.0, 0.0, 0.0, 0.0, 1.0, 0.0, 1.0, 1.0, 0.0, 0.0, 1.0, 0.0, 0.0, 0.0, 0.0, 0.0, 0.0, 0.0, 0.0, 1.0, 0.0, 0.0, 0.0, 0.0, 0.0, 0.0, 0.0, 0.0, 1.0, 0.0, 0.0, 0.0, 0.0, 0.0, 0.0, 0.0, 0.0, 0.0, 0.0]
2018-07-28 15:06:15,497 INFO  MetricsSystem - Sinks have already been started.
2018-07-28 15:06:15,517 INFO  AbstractClient - Alluxio client (version 1.6.2-SNAPSHOT) is trying to connect with FileSystemMasterClient @ localhost/127.0.0.1:19998
2018-07-28 15:06:15,521 INFO  AbstractClient - Client registered with FileSystemMasterClient @ localhost/127.0.0.1:19998
2018-07-28 15:06:15,622 INFO  UfsJournalLogWriter - Marking /Users/anonymous/Research/alluxio-la/journal/FileSystemMaster/v1/logs/0x1c8b-0x7fffffffffffffff as complete with log entries within [7307, 7430).
2018-07-28 15:06:15,631 INFO  UfsJournalLogWriter - Created current log file: UfsJournalFile{location=/Users/anonymous/Research/alluxio-la/journal/FileSystemMaster/v1/logs/0x1d06-0x7fffffffffffffff, start=7430, end=9223372036854775807, isCheckpoint=false}
2018-07-28 15:06:15,635 INFO  UfsJournalLogWriter - Marking /Users/anonymous/Research/alluxio-la/journal/BlockMaster/v1/logs/0xab1-0x7fffffffffffffff as complete with log entries within [2737, 2818).
2018-07-28 15:06:15,636 INFO  UfsJournalLogWriter - Created current log file: UfsJournalFile{location=/Users/anonymous/Research/alluxio-la/journal/BlockMaster/v1/logs/0xb02-0x7fffffffffffffff, start=2818, end=9223372036854775807, isCheckpoint=false}
2018-07-28 15:06:15,839 INFO  FileOutStream - Current block store typealluxio.client.block.AlluxioBlockStore@1e4a47cb
2018-07-28 15:06:15,847 INFO  AbstractClient - Alluxio client (version 1.6.2-SNAPSHOT) is trying to connect with BlockMasterClient @ localhost/127.0.0.1:19998
2018-07-28 15:06:15,848 INFO  AbstractClient - Client registered with BlockMasterClient @ localhost/127.0.0.1:19998
2018-07-28 15:06:15,997 INFO  NettyChannelPool - Created netty channel with netty bootstrap Bootstrap(group: NioEventLoopGroup, channelFactory: NioSocketChannel.class, options: {SO_KEEPALIVE=true, TCP_NODELAY=true, ALLOCATOR=PooledByteBufAllocator(directByDefault: true)}, handler: alluxio.client.netty.NettyClient$1@24c57163, remoteAddress: /143.89.76.29:29999).
2018-07-28 15:06:16,152 INFO  LoadAwareFileWriter - write/tests/0 into Alluxio: 10485760 bytes. took 328 ms.
2018-07-28 15:06:16,154 INFO  FileOutStream - Current block store typealluxio.client.block.AlluxioBlockStore@57a3d296
2018-07-28 15:06:16,248 INFO  LoadAwareFileWriter - write/tests/1 into Alluxio: 10485760 bytes. took 95 ms.
2018-07-28 15:06:16,249 INFO  FileOutStream - Current block store typealluxio.client.block.AlluxioBlockStore@2fcf722e
2018-07-28 15:06:16,418 INFO  LoadAwareFileWriter - write/tests/2 into Alluxio: 10485760 bytes. took 170 ms.
2018-07-28 15:06:16,419 INFO  FileOutStream - Current block store typealluxio.client.block.AlluxioBlockStore@ae970ea
2018-07-28 15:06:16,567 INFO  LoadAwareFileWriter - write/tests/3 into Alluxio: 10485760 bytes. took 149 ms.
2018-07-28 15:06:16,569 INFO  FileOutStream - Current block store typealluxio.client.block.AlluxioBlockStore@6a060bab
2018-07-28 15:06:16,707 INFO  LoadAwareFileWriter - write/tests/4 into Alluxio: 10485760 bytes. took 139 ms.
2018-07-28 15:06:16,708 INFO  FileOutStream - Current block store typealluxio.client.block.AlluxioBlockStore@23f8531f
2018-07-28 15:06:16,723 INFO  LoadAwareFileWriter - write/tests/5 into Alluxio: 10485760 bytes. took 16 ms.
2018-07-28 15:06:16,724 INFO  FileOutStream - Current block store typealluxio.client.block.AlluxioBlockStore@77721b4c
2018-07-28 15:06:16,833 INFO  LoadAwareFileWriter - write/tests/6 into Alluxio: 10485760 bytes. took 110 ms.
2018-07-28 15:06:16,834 INFO  FileOutStream - Current block store typealluxio.client.block.AlluxioBlockStore@365d5b68
2018-07-28 15:06:16,848 INFO  LoadAwareFileWriter - write/tests/7 into Alluxio: 10485760 bytes. took 15 ms.
2018-07-28 15:06:16,849 INFO  FileOutStream - Current block store typealluxio.client.block.AlluxioBlockStore@6c5c555b
2018-07-28 15:06:16,866 INFO  LoadAwareFileWriter - write/tests/8 into Alluxio: 10485760 bytes. took 18 ms.
2018-07-28 15:06:16,867 INFO  FileOutStream - Current block store typealluxio.client.block.AlluxioBlockStore@d5d9364
2018-07-28 15:06:16,986 INFO  LoadAwareFileWriter - write/tests/9 into Alluxio: 10485760 bytes. took 120 ms.
2018-07-28 15:06:16,988 INFO  FileOutStream - Current block store typealluxio.client.block.AlluxioBlockStore@6a1241f8
2018-07-28 15:06:17,108 INFO  LoadAwareFileWriter - write/tests/10 into Alluxio: 10485760 bytes. took 121 ms.
2018-07-28 15:06:17,109 INFO  FileOutStream - Current block store typealluxio.client.block.AlluxioBlockStore@3648c1c9
2018-07-28 15:06:17,123 INFO  LoadAwareFileWriter - write/tests/11 into Alluxio: 10485760 bytes. took 15 ms.
2018-07-28 15:06:17,123 INFO  FileOutStream - Current block store typealluxio.client.block.AlluxioBlockStore@3830bcd6
2018-07-28 15:06:17,234 INFO  LoadAwareFileWriter - write/tests/12 into Alluxio: 10485760 bytes. took 111 ms.
2018-07-28 15:06:17,235 INFO  FileOutStream - Current block store typealluxio.client.block.AlluxioBlockStore@5917de07
2018-07-28 15:06:17,348 INFO  LoadAwareFileWriter - write/tests/13 into Alluxio: 10485760 bytes. took 114 ms.
2018-07-28 15:06:17,349 INFO  FileOutStream - Current block store typealluxio.client.block.AlluxioBlockStore@51448232
2018-07-28 15:06:17,472 INFO  LoadAwareFileWriter - write/tests/14 into Alluxio: 10485760 bytes. took 124 ms.
2018-07-28 15:06:17,473 INFO  FileOutStream - Current block store typealluxio.client.block.AlluxioBlockStore@6caf52c0
2018-07-28 15:06:17,596 INFO  LoadAwareFileWriter - write/tests/15 into Alluxio: 10485760 bytes. took 124 ms.
2018-07-28 15:06:17,597 INFO  FileOutStream - Current block store typealluxio.client.block.AlluxioBlockStore@baf5eb4
2018-07-28 15:06:17,746 INFO  LoadAwareFileWriter - write/tests/16 into Alluxio: 10485760 bytes. took 149 ms.
2018-07-28 15:06:17,747 INFO  FileOutStream - Current block store typealluxio.client.block.AlluxioBlockStore@3824de34
2018-07-28 15:06:17,846 INFO  LoadAwareFileWriter - write/tests/17 into Alluxio: 10485760 bytes. took 100 ms.
2018-07-28 15:06:17,847 INFO  FileOutStream - Current block store typealluxio.client.block.AlluxioBlockStore@4d049e10
2018-07-28 15:06:17,976 INFO  LoadAwareFileWriter - write/tests/18 into Alluxio: 10485760 bytes. took 130 ms.
2018-07-28 15:06:17,977 INFO  FileOutStream - Current block store typealluxio.client.block.AlluxioBlockStore@5b2bfc22
2018-07-28 15:06:18,088 INFO  LoadAwareFileWriter - write/tests/19 into Alluxio: 10485760 bytes. took 112 ms.
2018-07-28 15:06:18,089 INFO  FileOutStream - Current block store typealluxio.client.block.AlluxioBlockStore@2a80530d
2018-07-28 15:06:18,104 INFO  LoadAwareFileWriter - write/tests/20 into Alluxio: 10485760 bytes. took 16 ms.
2018-07-28 15:06:18,105 INFO  FileOutStream - Current block store typealluxio.client.block.AlluxioBlockStore@344bed17
2018-07-28 15:06:18,218 INFO  LoadAwareFileWriter - write/tests/21 into Alluxio: 10485760 bytes. took 114 ms.
2018-07-28 15:06:18,219 INFO  FileOutStream - Current block store typealluxio.client.block.AlluxioBlockStore@5dd61190
2018-07-28 15:06:18,330 INFO  LoadAwareFileWriter - write/tests/22 into Alluxio: 10485760 bytes. took 112 ms.
2018-07-28 15:06:18,331 INFO  FileOutStream - Current block store typealluxio.client.block.AlluxioBlockStore@59182ce4
2018-07-28 15:06:18,463 INFO  LoadAwareFileWriter - write/tests/23 into Alluxio: 10485760 bytes. took 133 ms.
2018-07-28 15:06:18,465 INFO  FileOutStream - Current block store typealluxio.client.block.AlluxioBlockStore@71a814f1
2018-07-28 15:06:18,595 INFO  LoadAwareFileWriter - write/tests/24 into Alluxio: 10485760 bytes. took 131 ms.
2018-07-28 15:06:18,596 INFO  FileOutStream - Current block store typealluxio.client.block.AlluxioBlockStore@1a606c86
2018-07-28 15:06:18,821 INFO  LoadAwareFileWriter - write/tests/25 into Alluxio: 10485760 bytes. took 226 ms.
2018-07-28 15:06:18,822 INFO  FileOutStream - Current block store typealluxio.client.block.AlluxioBlockStore@7757b4cb
2018-07-28 15:06:18,890 INFO  LoadAwareFileWriter - write/tests/26 into Alluxio: 10485760 bytes. took 69 ms.
2018-07-28 15:06:18,892 INFO  FileOutStream - Current block store typealluxio.client.block.AlluxioBlockStore@6f30d9c9
2018-07-28 15:06:19,071 INFO  LoadAwareFileWriter - write/tests/27 into Alluxio: 10485760 bytes. took 180 ms.
2018-07-28 15:06:19,072 INFO  FileOutStream - Current block store typealluxio.client.block.AlluxioBlockStore@5e0e5742
2018-07-28 15:06:19,208 INFO  LoadAwareFileWriter - write/tests/28 into Alluxio: 10485760 bytes. took 137 ms.
2018-07-28 15:06:19,209 INFO  FileOutStream - Current block store typealluxio.client.block.AlluxioBlockStore@47931459
2018-07-28 15:06:19,222 INFO  LoadAwareFileWriter - write/tests/29 into Alluxio: 10485760 bytes. took 14 ms.
2018-07-28 15:06:19,222 INFO  FileOutStream - Current block store typealluxio.client.block.AlluxioBlockStore@d28018c
2018-07-28 15:06:19,329 INFO  LoadAwareFileWriter - write/tests/30 into Alluxio: 10485760 bytes. took 107 ms.
2018-07-28 15:06:19,330 INFO  FileOutStream - Current block store typealluxio.client.block.AlluxioBlockStore@64bf6f71
2018-07-28 15:06:19,435 INFO  LoadAwareFileWriter - write/tests/31 into Alluxio: 10485760 bytes. took 106 ms.
2018-07-28 15:06:19,437 INFO  FileOutStream - Current block store typealluxio.client.block.AlluxioBlockStore@48a790e3
2018-07-28 15:06:19,558 INFO  LoadAwareFileWriter - write/tests/32 into Alluxio: 10485760 bytes. took 122 ms.
2018-07-28 15:06:19,559 INFO  FileOutStream - Current block store typealluxio.client.block.AlluxioBlockStore@17496472
2018-07-28 15:06:19,658 INFO  LoadAwareFileWriter - write/tests/33 into Alluxio: 10485760 bytes. took 100 ms.
2018-07-28 15:06:19,659 INFO  FileOutStream - Current block store typealluxio.client.block.AlluxioBlockStore@5a202376
2018-07-28 15:06:19,772 INFO  LoadAwareFileWriter - write/tests/34 into Alluxio: 10485760 bytes. took 114 ms.
2018-07-28 15:06:19,773 INFO  FileOutStream - Current block store typealluxio.client.block.AlluxioBlockStore@457b0ba4
2018-07-28 15:06:19,873 INFO  LoadAwareFileWriter - write/tests/35 into Alluxio: 10485760 bytes. took 101 ms.
2018-07-28 15:06:19,874 INFO  FileOutStream - Current block store typealluxio.client.block.AlluxioBlockStore@31afbb60
2018-07-28 15:06:19,998 INFO  LoadAwareFileWriter - write/tests/36 into Alluxio: 10485760 bytes. took 125 ms.
2018-07-28 15:06:19,999 INFO  FileOutStream - Current block store typealluxio.client.block.AlluxioBlockStore@6d9923d3
2018-07-28 15:06:20,100 INFO  LoadAwareFileWriter - write/tests/37 into Alluxio: 10485760 bytes. took 102 ms.
2018-07-28 15:06:20,101 INFO  FileOutStream - Current block store typealluxio.client.block.AlluxioBlockStore@36f98685
2018-07-28 15:06:20,214 INFO  LoadAwareFileWriter - write/tests/38 into Alluxio: 10485760 bytes. took 114 ms.
2018-07-28 15:06:20,215 INFO  FileOutStream - Current block store typealluxio.client.block.AlluxioBlockStore@2bc28dd5
2018-07-28 15:06:20,313 INFO  LoadAwareFileWriter - write/tests/39 into Alluxio: 10485760 bytes. took 99 ms.
2018-07-28 15:08:27,020 INFO  DefaultFileSystemMaster - User id received at the fs master 0
2018-07-28 15:08:27,020 INFO  LoadAwareMaster - User id received at the lacs master 0
2018-07-28 15:17:32,057 INFO  ConfigurationUtils - Configuration file /Users/anonymous/Research/alluxio-la/conf/alluxio-site.properties loaded.
2018-07-28 15:17:32,987 INFO  BlockMasterFactory - Creating alluxio.master.block.BlockMaster 
2018-07-28 15:17:32,988 INFO  FileSystemMasterFactory - Creating alluxio.master.file.FileSystemMaster 
2018-07-28 15:17:33,080 INFO  MountTable - Clearing mount table (except the root).
2018-07-28 15:17:33,081 INFO  MountTable - Mounting /Users/anonymous/underFSStorage at /
2018-07-28 15:17:33,088 INFO  ProcessUtils - Starting Alluxio master @localhost/127.0.0.1:19998.
2018-07-28 15:17:33,110 INFO  UfsJournalCheckpointThread - BlockMaster: Journal checkpoint thread started.
2018-07-28 15:17:33,110 INFO  MountTable - Clearing mount table (except the root).
2018-07-28 15:17:33,111 INFO  UfsJournalCheckpointThread - FileSystemMaster: Journal checkpoint thread started.
2018-07-28 15:17:33,111 INFO  UfsJournalCheckpointThread - BlockMaster: Journal checkpointer shutdown has been initiated.
2018-07-28 15:17:33,183 INFO  UfsJournalReader - Reading journal file /Users/anonymous/Research/alluxio-la/journal/BlockMaster/v1/logs/0x0-0x1.
2018-07-28 15:17:33,183 INFO  UfsJournalReader - Reading journal file /Users/anonymous/Research/alluxio-la/journal/FileSystemMaster/v1/logs/0x0-0x1.
2018-07-28 15:17:33,418 INFO  UfsJournalReader - Reading journal file /Users/anonymous/Research/alluxio-la/journal/BlockMaster/v1/logs/0x1-0x10.
2018-07-28 15:17:33,436 INFO  UfsJournalReader - Reading journal file /Users/anonymous/Research/alluxio-la/journal/FileSystemMaster/v1/logs/0x1-0x2b.
2018-07-28 15:17:33,436 INFO  UfsJournalReader - Reading journal file /Users/anonymous/Research/alluxio-la/journal/BlockMaster/v1/logs/0x10-0x15.
2018-07-28 15:17:33,464 INFO  UfsJournalReader - Reading journal file /Users/anonymous/Research/alluxio-la/journal/BlockMaster/v1/logs/0x15-0x46.
2018-07-28 15:17:33,505 INFO  UfsJournalReader - Reading journal file /Users/anonymous/Research/alluxio-la/journal/BlockMaster/v1/logs/0x46-0x5b.
2018-07-28 15:17:33,525 INFO  UfsJournalReader - Reading journal file /Users/anonymous/Research/alluxio-la/journal/FileSystemMaster/v1/logs/0x2b-0x33.
2018-07-28 15:17:33,538 INFO  UfsJournalReader - Reading journal file /Users/anonymous/Research/alluxio-la/journal/FileSystemMaster/v1/logs/0x33-0x93.
2018-07-28 15:17:33,538 INFO  UfsJournalReader - Reading journal file /Users/anonymous/Research/alluxio-la/journal/BlockMaster/v1/logs/0x5b-0x60.
2018-07-28 15:17:33,555 INFO  UfsJournalReader - Reading journal file /Users/anonymous/Research/alluxio-la/journal/BlockMaster/v1/logs/0x60-0x69.
2018-07-28 15:17:33,563 INFO  UfsJournalReader - Reading journal file /Users/anonymous/Research/alluxio-la/journal/FileSystemMaster/v1/logs/0x93-0xbb.
2018-07-28 15:17:33,570 INFO  UfsJournalReader - Reading journal file /Users/anonymous/Research/alluxio-la/journal/BlockMaster/v1/logs/0x69-0x72.
2018-07-28 15:17:33,573 INFO  UfsJournalReader - Reading journal file /Users/anonymous/Research/alluxio-la/journal/FileSystemMaster/v1/logs/0xbb-0xc9.
2018-07-28 15:17:33,577 INFO  UfsJournalReader - Reading journal file /Users/anonymous/Research/alluxio-la/journal/FileSystemMaster/v1/logs/0xc9-0xd8.
2018-07-28 15:17:33,589 INFO  UfsJournalReader - Reading journal file /Users/anonymous/Research/alluxio-la/journal/BlockMaster/v1/logs/0x72-0x7f.
2018-07-28 15:17:33,621 INFO  UfsJournalReader - Reading journal file /Users/anonymous/Research/alluxio-la/journal/BlockMaster/v1/logs/0x7f-0x8c.
2018-07-28 15:17:33,643 INFO  UfsJournalReader - Reading journal file /Users/anonymous/Research/alluxio-la/journal/FileSystemMaster/v1/logs/0xd8-0xe7.
2018-07-28 15:17:33,647 INFO  UfsJournalReader - Reading journal file /Users/anonymous/Research/alluxio-la/journal/FileSystemMaster/v1/logs/0xe7-0x102.
2018-07-28 15:17:33,657 INFO  UfsJournalReader - Reading journal file /Users/anonymous/Research/alluxio-la/journal/BlockMaster/v1/logs/0x8c-0x93.
2018-07-28 15:17:33,660 INFO  UfsJournalReader - Reading journal file /Users/anonymous/Research/alluxio-la/journal/FileSystemMaster/v1/logs/0x102-0x111.
2018-07-28 15:17:33,673 INFO  UfsJournalReader - Reading journal file /Users/anonymous/Research/alluxio-la/journal/BlockMaster/v1/logs/0x93-0x288.
2018-07-28 15:17:33,675 INFO  UfsJournalReader - Reading journal file /Users/anonymous/Research/alluxio-la/journal/FileSystemMaster/v1/logs/0x111-0x1de.
2018-07-28 15:17:33,713 INFO  UfsJournalReader - Reading journal file /Users/anonymous/Research/alluxio-la/journal/FileSystemMaster/v1/logs/0x1de-0x56a.
2018-07-28 15:17:33,715 INFO  UfsJournalReader - Reading journal file /Users/anonymous/Research/alluxio-la/journal/BlockMaster/v1/logs/0x288-0x351.
2018-07-28 15:17:33,740 INFO  UfsJournalReader - Reading journal file /Users/anonymous/Research/alluxio-la/journal/BlockMaster/v1/logs/0x351-0x41a.
2018-07-28 15:17:33,764 INFO  UfsJournalReader - Reading journal file /Users/anonymous/Research/alluxio-la/journal/BlockMaster/v1/logs/0x41a-0x4e3.
2018-07-28 15:17:33,775 INFO  UfsJournalReader - Reading journal file /Users/anonymous/Research/alluxio-la/journal/BlockMaster/v1/logs/0x4e3-0x634.
2018-07-28 15:17:33,776 INFO  UfsJournalReader - Reading journal file /Users/anonymous/Research/alluxio-la/journal/FileSystemMaster/v1/logs/0x56a-0x699.
2018-07-28 15:17:33,825 INFO  UfsJournalReader - Reading journal file /Users/anonymous/Research/alluxio-la/journal/BlockMaster/v1/logs/0x634-0x73b.
2018-07-28 15:17:33,842 INFO  UfsJournalReader - Reading journal file /Users/anonymous/Research/alluxio-la/journal/FileSystemMaster/v1/logs/0x699-0x7c8.
2018-07-28 15:17:33,886 INFO  UfsJournalReader - Reading journal file /Users/anonymous/Research/alluxio-la/journal/BlockMaster/v1/logs/0x73b-0xab1.
2018-07-28 15:17:33,941 INFO  UfsJournalReader - Reading journal file /Users/anonymous/Research/alluxio-la/journal/BlockMaster/v1/logs/0xab1-0xb02.
2018-07-28 15:17:33,962 INFO  UfsJournalReader - Reading journal file /Users/anonymous/Research/alluxio-la/journal/FileSystemMaster/v1/logs/0x7c8-0x8f7.
2018-07-28 15:17:34,029 INFO  UfsJournalReader - Reading journal file /Users/anonymous/Research/alluxio-la/journal/FileSystemMaster/v1/logs/0x8f7-0xd6d.
2018-07-28 15:17:34,097 INFO  UfsJournalReader - Reading journal file /Users/anonymous/Research/alluxio-la/journal/FileSystemMaster/v1/logs/0xd6d-0x175d.
2018-07-28 15:17:34,168 INFO  UfsJournalReader - Reading journal file /Users/anonymous/Research/alluxio-la/journal/FileSystemMaster/v1/logs/0x175d-0x1c8b.
2018-07-28 15:17:34,220 INFO  UfsJournalReader - Reading journal file /Users/anonymous/Research/alluxio-la/journal/FileSystemMaster/v1/logs/0x1c8b-0x1d06.
2018-07-28 15:17:38,981 INFO  UfsJournalCheckpointThread - BlockMaster: Journal checkpoint thread has been shutdown. No new logs have been found during the quiet period.
2018-07-28 15:17:38,981 INFO  UfsJournalCheckpointThread - BlockMaster: Journal shutdown complete
2018-07-28 15:17:38,982 INFO  UfsJournalReader - Reading journal file /Users/anonymous/Research/alluxio-la/journal/BlockMaster/v1/logs/0xb02-0x7fffffffffffffff.
2018-07-28 15:17:39,046 INFO  UfsJournalCheckpointThread - FileSystemMaster: Journal checkpointer shutdown has been initiated.
2018-07-28 15:17:44,274 INFO  UfsJournalCheckpointThread - FileSystemMaster: Journal checkpoint thread has been shutdown. No new logs have been found during the quiet period.
2018-07-28 15:17:44,275 INFO  UfsJournalCheckpointThread - FileSystemMaster: Journal shutdown complete
2018-07-28 15:17:44,275 INFO  UfsJournalReader - Reading journal file /Users/anonymous/Research/alluxio-la/journal/FileSystemMaster/v1/logs/0x1d06-0x7fffffffffffffff.
2018-07-28 15:17:44,295 INFO  AbstractMaster - BlockMaster: Starting primary master.
2018-07-28 15:17:44,301 INFO  AbstractMaster - FileSystemMaster: Starting primary master.
2018-07-28 15:17:44,301 INFO  DefaultFileSystemMaster - Starting fs master as primary
2018-07-28 15:17:44,309 INFO  AlluxioMasterProcess - All masters started
2018-07-28 15:17:44,310 INFO  MetricsSystem - Starting sinks with config: {}.
2018-07-28 15:17:44,316 INFO  log - Logging initialized @13125ms
2018-07-28 15:17:44,414 INFO  Server - jetty-9.2.z-SNAPSHOT
2018-07-28 15:17:44,430 INFO  ContextHandler - Started o.e.j.s.ServletContextHandler@23529fee{/metrics/json,null,AVAILABLE}
2018-07-28 15:17:50,405 INFO  ContextHandler - Started o.e.j.w.WebAppContext@7c209437{/,file:/Users/anonymous/Research/alluxio-la/core/server/common/src/main/webapp/,AVAILABLE}{/Users/anonymous/Research/alluxio-la/core/server/common/src/main/webapp}
2018-07-28 15:17:50,411 INFO  ServerConnector - Started ServerConnector@201b6b6f{HTTP/1.1}{0.0.0.0:19999}
2018-07-28 15:17:50,412 INFO  Server - Started @19221ms
2018-07-28 15:17:50,412 INFO  WebServer - Alluxio Master Web service started @ /0.0.0.0:19999
2018-07-28 15:17:50,412 INFO  AlluxioMasterProcess - Alluxio master version 1.6.2-SNAPSHOT started. bindHost=/0.0.0.0:19998, connectHost=localhost/127.0.0.1:19998, rpcPort=19998, webPort=19999
2018-07-28 15:17:50,525 INFO  DefaultBlockMaster - getWorkerId(): WorkerNetAddress: WorkerNetAddress{host=143.89.76.29, rpcPort=29998, dataPort=29999, webPort=30000, domainSocketPath=} id: 1525055155793524865
2018-07-28 15:17:50,540 INFO  DefaultBlockMaster - registerWorker(): MasterWorkerInfo{id=1525055155793524865, workerAddress=WorkerNetAddress{host=143.89.76.29, rpcPort=29998, dataPort=29999, webPort=30000, domainSocketPath=}, capacityBytes=16821256192, usedBytes=461373440, lastUpdatedTimeMs=1532762270540, blocks=[335795978240, 335712092160, 335762423808, 335779201024, 335812755456, 335829532672, 335846309888, 335863087104, 335896641536, 335913418752, 335930195968, 335946973184, 335963750400, 335980527616, 335997304832, 336014082048, 336047636480, 336064413696, 336081190912, 336097968128, 336114745344, 336131522560, 336148299776, 336165076992, 336181854208, 336198631424, 335745646592, 335644983296, 335594651648, 335544320000, 335561097216, 335577874432, 335611428864, 335695314944, 67259858944]}
2018-07-28 15:18:15,408 INFO  LoadAwareMaster - Current dir: /Users/anonymous/Research/alluxio-la
2018-07-28 15:18:15,430 INFO  LoadAwareMaster - cmd: [python, /Users/anonymous/Research/alluxio-la/python/la_fair.py, 76.0, 1, 10.0, 1000.0, 2.463]
2018-07-28 15:18:15,518 INFO  LoadAwareMaster - BlockList[0, 1, 2, 3, 4, 5, 6, 7, 8, 9, 10, 11, 12, 13, 14]
2018-07-28 15:18:15,518 INFO  LoadAwareMaster - ################Allocation results################
2018-07-28 15:18:15,518 INFO  LoadAwareMaster - Locations[0, 0, 0, 0, 0, 0, 0, 0, 0, 0, 0, 0, 0, 0, 0, 0, 0, 0, 0, 0, 0, 0, 0, 0, 0, 0, 0, 0, 0, 0, 0, 0, 0, 0, 0, 0, 0, 0, 0, 0]
2018-07-28 15:18:15,518 INFO  LoadAwareMaster - Ratios[0.0, 0.0, 0.0, 0.0, 0.0, 1.0, 0.0, 1.0, 1.0, 0.0, 0.0, 1.0, 0.0, 0.0, 0.0, 0.0, 0.0, 0.0, 0.0, 0.0, 1.0, 0.0, 0.0, 0.0, 0.0, 0.0, 0.0, 0.0, 0.0, 1.0, 0.0, 0.0, 0.0, 0.0, 0.0, 0.0, 0.0, 0.0, 0.0, 0.0]
2018-07-28 15:18:15,525 INFO  MetricsSystem - Sinks have already been started.
2018-07-28 15:18:15,540 INFO  AbstractClient - Alluxio client (version 1.6.2-SNAPSHOT) is trying to connect with FileSystemMasterClient @ localhost/127.0.0.1:19998
2018-07-28 15:18:15,549 INFO  AbstractClient - Client registered with FileSystemMasterClient @ localhost/127.0.0.1:19998
2018-07-28 15:18:15,847 INFO  UfsJournalLogWriter - Marking /Users/anonymous/Research/alluxio-la/journal/FileSystemMaster/v1/logs/0x1d06-0x7fffffffffffffff as complete with log entries within [7430, 7553).
2018-07-28 15:18:15,849 INFO  UfsJournalLogWriter - Created current log file: UfsJournalFile{location=/Users/anonymous/Research/alluxio-la/journal/FileSystemMaster/v1/logs/0x1d81-0x7fffffffffffffff, start=7553, end=9223372036854775807, isCheckpoint=false}
2018-07-28 15:18:15,854 INFO  UfsJournalLogWriter - Marking /Users/anonymous/Research/alluxio-la/journal/BlockMaster/v1/logs/0xb02-0x7fffffffffffffff as complete with log entries within [2818, 2899).
2018-07-28 15:18:15,854 INFO  UfsJournalLogWriter - Created current log file: UfsJournalFile{location=/Users/anonymous/Research/alluxio-la/journal/BlockMaster/v1/logs/0xb53-0x7fffffffffffffff, start=2899, end=9223372036854775807, isCheckpoint=false}
2018-07-28 15:18:16,021 INFO  FileOutStream - Current block store typealluxio.client.block.AlluxioBlockStore@35d71243
2018-07-28 15:18:16,029 INFO  AbstractClient - Alluxio client (version 1.6.2-SNAPSHOT) is trying to connect with BlockMasterClient @ localhost/127.0.0.1:19998
2018-07-28 15:18:16,030 INFO  AbstractClient - Client registered with BlockMasterClient @ localhost/127.0.0.1:19998
2018-07-28 15:18:16,187 INFO  NettyChannelPool - Created netty channel with netty bootstrap Bootstrap(group: NioEventLoopGroup, channelFactory: NioSocketChannel.class, options: {SO_KEEPALIVE=true, TCP_NODELAY=true, ALLOCATOR=PooledByteBufAllocator(directByDefault: true)}, handler: alluxio.client.netty.NettyClient$1@66dbe1d2, remoteAddress: /143.89.76.29:29999).
2018-07-28 15:18:16,397 INFO  LoadAwareFileWriter - write/tests/0 into Alluxio: 10485760 bytes. took 392 ms.
2018-07-28 15:18:16,399 INFO  FileOutStream - Current block store typealluxio.client.block.AlluxioBlockStore@765e645e
2018-07-28 15:18:16,529 INFO  LoadAwareFileWriter - write/tests/1 into Alluxio: 10485760 bytes. took 132 ms.
2018-07-28 15:18:16,530 INFO  FileOutStream - Current block store typealluxio.client.block.AlluxioBlockStore@383d8ba1
2018-07-28 15:18:16,738 INFO  LoadAwareFileWriter - write/tests/2 into Alluxio: 10485760 bytes. took 209 ms.
2018-07-28 15:18:16,739 INFO  FileOutStream - Current block store typealluxio.client.block.AlluxioBlockStore@7b19e21f
2018-07-28 15:18:16,811 INFO  LoadAwareFileWriter - write/tests/3 into Alluxio: 10485760 bytes. took 73 ms.
2018-07-28 15:18:16,812 INFO  FileOutStream - Current block store typealluxio.client.block.AlluxioBlockStore@f4006ed
2018-07-28 15:18:16,926 INFO  LoadAwareFileWriter - write/tests/4 into Alluxio: 10485760 bytes. took 115 ms.
2018-07-28 15:18:16,927 INFO  FileOutStream - Current block store typealluxio.client.block.AlluxioBlockStore@ab9efcf
2018-07-28 15:18:16,949 INFO  LoadAwareFileWriter - write/tests/5 into Alluxio: 10485760 bytes. took 23 ms.
2018-07-28 15:18:16,950 INFO  FileOutStream - Current block store typealluxio.client.block.AlluxioBlockStore@5e0d1dba
2018-07-28 15:18:17,065 INFO  LoadAwareFileWriter - write/tests/6 into Alluxio: 10485760 bytes. took 116 ms.
2018-07-28 15:18:17,066 INFO  FileOutStream - Current block store typealluxio.client.block.AlluxioBlockStore@6a30057e
2018-07-28 15:18:17,082 INFO  LoadAwareFileWriter - write/tests/7 into Alluxio: 10485760 bytes. took 17 ms.
2018-07-28 15:18:17,083 INFO  FileOutStream - Current block store typealluxio.client.block.AlluxioBlockStore@654811bb
2018-07-28 15:18:17,099 INFO  LoadAwareFileWriter - write/tests/8 into Alluxio: 10485760 bytes. took 17 ms.
2018-07-28 15:18:17,100 INFO  FileOutStream - Current block store typealluxio.client.block.AlluxioBlockStore@20ca4d4a
2018-07-28 15:18:17,201 INFO  LoadAwareFileWriter - write/tests/9 into Alluxio: 10485760 bytes. took 102 ms.
2018-07-28 15:18:17,202 INFO  FileOutStream - Current block store typealluxio.client.block.AlluxioBlockStore@161c6424
2018-07-28 15:18:17,304 INFO  LoadAwareFileWriter - write/tests/10 into Alluxio: 10485760 bytes. took 103 ms.
2018-07-28 15:18:17,306 INFO  FileOutStream - Current block store typealluxio.client.block.AlluxioBlockStore@7ced886c
2018-07-28 15:18:17,323 INFO  LoadAwareFileWriter - write/tests/11 into Alluxio: 10485760 bytes. took 19 ms.
2018-07-28 15:18:17,324 INFO  FileOutStream - Current block store typealluxio.client.block.AlluxioBlockStore@590d9b83
2018-07-28 15:18:17,510 INFO  LoadAwareFileWriter - write/tests/12 into Alluxio: 10485760 bytes. took 187 ms.
2018-07-28 15:18:17,511 INFO  FileOutStream - Current block store typealluxio.client.block.AlluxioBlockStore@2bdf3df5
2018-07-28 15:18:17,710 INFO  LoadAwareFileWriter - write/tests/13 into Alluxio: 10485760 bytes. took 200 ms.
2018-07-28 15:18:17,712 INFO  FileOutStream - Current block store typealluxio.client.block.AlluxioBlockStore@4e291ca8
2018-07-28 15:18:17,816 INFO  LoadAwareFileWriter - write/tests/14 into Alluxio: 10485760 bytes. took 106 ms.
2018-07-28 15:18:17,817 INFO  FileOutStream - Current block store typealluxio.client.block.AlluxioBlockStore@7b4d576d
2018-07-28 15:18:17,940 INFO  LoadAwareFileWriter - write/tests/15 into Alluxio: 10485760 bytes. took 123 ms.
2018-07-28 15:18:17,941 INFO  FileOutStream - Current block store typealluxio.client.block.AlluxioBlockStore@292ffd64
2018-07-28 15:18:18,148 INFO  LoadAwareFileWriter - write/tests/16 into Alluxio: 10485760 bytes. took 208 ms.
2018-07-28 15:18:18,150 INFO  FileOutStream - Current block store typealluxio.client.block.AlluxioBlockStore@4d53418e
2018-07-28 15:18:18,347 INFO  LoadAwareFileWriter - write/tests/17 into Alluxio: 10485760 bytes. took 198 ms.
2018-07-28 15:18:18,349 INFO  FileOutStream - Current block store typealluxio.client.block.AlluxioBlockStore@4b19c8d0
2018-07-28 15:18:18,465 INFO  LoadAwareFileWriter - write/tests/18 into Alluxio: 10485760 bytes. took 117 ms.
2018-07-28 15:18:18,466 INFO  FileOutStream - Current block store typealluxio.client.block.AlluxioBlockStore@5afe08e1
2018-07-28 15:18:18,609 INFO  LoadAwareFileWriter - write/tests/19 into Alluxio: 10485760 bytes. took 143 ms.
2018-07-28 15:18:18,610 INFO  FileOutStream - Current block store typealluxio.client.block.AlluxioBlockStore@c6c1a07
2018-07-28 15:18:18,625 INFO  LoadAwareFileWriter - write/tests/20 into Alluxio: 10485760 bytes. took 16 ms.
2018-07-28 15:18:18,627 INFO  FileOutStream - Current block store typealluxio.client.block.AlluxioBlockStore@5b647535
2018-07-28 15:18:18,790 INFO  LoadAwareFileWriter - write/tests/21 into Alluxio: 10485760 bytes. took 165 ms.
2018-07-28 15:18:18,791 INFO  FileOutStream - Current block store typealluxio.client.block.AlluxioBlockStore@5ebe69c1
2018-07-28 15:18:18,905 INFO  LoadAwareFileWriter - write/tests/22 into Alluxio: 10485760 bytes. took 115 ms.
2018-07-28 15:18:18,906 INFO  FileOutStream - Current block store typealluxio.client.block.AlluxioBlockStore@74adcbf7
2018-07-28 15:18:19,029 INFO  LoadAwareFileWriter - write/tests/23 into Alluxio: 10485760 bytes. took 124 ms.
2018-07-28 15:18:19,030 INFO  FileOutStream - Current block store typealluxio.client.block.AlluxioBlockStore@187d5b47
2018-07-28 15:18:19,240 INFO  LoadAwareFileWriter - write/tests/24 into Alluxio: 10485760 bytes. took 211 ms.
2018-07-28 15:18:19,242 INFO  FileOutStream - Current block store typealluxio.client.block.AlluxioBlockStore@60c848a0
2018-07-28 15:18:19,363 INFO  LoadAwareFileWriter - write/tests/25 into Alluxio: 10485760 bytes. took 122 ms.
2018-07-28 15:18:19,364 INFO  FileOutStream - Current block store typealluxio.client.block.AlluxioBlockStore@4d15d519
2018-07-28 15:18:19,482 INFO  LoadAwareFileWriter - write/tests/26 into Alluxio: 10485760 bytes. took 119 ms.
2018-07-28 15:18:19,483 INFO  FileOutStream - Current block store typealluxio.client.block.AlluxioBlockStore@57fd5d3f
2018-07-28 15:18:19,628 INFO  LoadAwareFileWriter - write/tests/27 into Alluxio: 10485760 bytes. took 146 ms.
2018-07-28 15:18:19,629 INFO  FileOutStream - Current block store typealluxio.client.block.AlluxioBlockStore@25a893e4
2018-07-28 15:18:19,813 INFO  LoadAwareFileWriter - write/tests/28 into Alluxio: 10485760 bytes. took 185 ms.
2018-07-28 15:18:19,814 INFO  FileOutStream - Current block store typealluxio.client.block.AlluxioBlockStore@70742b9
2018-07-28 15:18:19,825 INFO  LoadAwareFileWriter - write/tests/29 into Alluxio: 10485760 bytes. took 12 ms.
2018-07-28 15:18:19,826 INFO  FileOutStream - Current block store typealluxio.client.block.AlluxioBlockStore@6459f25d
2018-07-28 15:18:19,943 INFO  LoadAwareFileWriter - write/tests/30 into Alluxio: 10485760 bytes. took 118 ms.
2018-07-28 15:18:19,944 INFO  FileOutStream - Current block store typealluxio.client.block.AlluxioBlockStore@59f04f4c
2018-07-28 15:18:20,053 INFO  LoadAwareFileWriter - write/tests/31 into Alluxio: 10485760 bytes. took 110 ms.
2018-07-28 15:18:20,053 INFO  FileOutStream - Current block store typealluxio.client.block.AlluxioBlockStore@3826d025
2018-07-28 15:18:20,221 INFO  LoadAwareFileWriter - write/tests/32 into Alluxio: 10485760 bytes. took 168 ms.
2018-07-28 15:18:20,222 INFO  FileOutStream - Current block store typealluxio.client.block.AlluxioBlockStore@5894f12
2018-07-28 15:18:20,372 INFO  LoadAwareFileWriter - write/tests/33 into Alluxio: 10485760 bytes. took 151 ms.
2018-07-28 15:18:20,374 INFO  FileOutStream - Current block store typealluxio.client.block.AlluxioBlockStore@2ee98ee4
2018-07-28 15:18:20,458 INFO  LoadAwareFileWriter - write/tests/34 into Alluxio: 10485760 bytes. took 85 ms.
2018-07-28 15:18:20,459 INFO  FileOutStream - Current block store typealluxio.client.block.AlluxioBlockStore@75382e5a
2018-07-28 15:18:20,615 INFO  LoadAwareFileWriter - write/tests/35 into Alluxio: 10485760 bytes. took 156 ms.
2018-07-28 15:18:20,616 INFO  FileOutStream - Current block store typealluxio.client.block.AlluxioBlockStore@7b917f20
2018-07-28 15:18:20,741 INFO  LoadAwareFileWriter - write/tests/36 into Alluxio: 10485760 bytes. took 125 ms.
2018-07-28 15:18:20,742 INFO  FileOutStream - Current block store typealluxio.client.block.AlluxioBlockStore@34af5e9f
2018-07-28 15:18:20,864 INFO  LoadAwareFileWriter - write/tests/37 into Alluxio: 10485760 bytes. took 123 ms.
2018-07-28 15:18:20,865 INFO  FileOutStream - Current block store typealluxio.client.block.AlluxioBlockStore@56537840
2018-07-28 15:18:20,971 INFO  LoadAwareFileWriter - write/tests/38 into Alluxio: 10485760 bytes. took 107 ms.
2018-07-28 15:18:20,973 INFO  FileOutStream - Current block store typealluxio.client.block.AlluxioBlockStore@62add62e
2018-07-28 15:18:21,110 INFO  LoadAwareFileWriter - write/tests/39 into Alluxio: 10485760 bytes. took 138 ms.
2018-07-28 15:18:39,700 INFO  DefaultFileSystemMaster - User id received at the fs master 2
2018-07-28 15:18:39,700 INFO  LoadAwareMaster - User id received at the lacs master 2
2018-07-28 18:10:06,359 INFO  ConfigurationUtils - Configuration file /Users/anonymous/Research/alluxio-la/conf/alluxio-site.properties loaded.
2018-07-28 18:10:06,609 INFO  BlockMasterFactory - Creating alluxio.master.block.BlockMaster 
2018-07-28 18:10:06,610 INFO  FileSystemMasterFactory - Creating alluxio.master.file.FileSystemMaster 
2018-07-28 18:10:06,696 INFO  MountTable - Clearing mount table (except the root).
2018-07-28 18:10:06,698 INFO  MountTable - Mounting /Users/anonymous/underFSStorage at /
2018-07-28 18:10:06,704 INFO  ProcessUtils - Starting Alluxio master @localhost/127.0.0.1:19998.
2018-07-28 18:10:06,705 INFO  UfsJournalCheckpointThread - BlockMaster: Journal checkpoint thread started.
2018-07-28 18:10:06,705 INFO  MountTable - Clearing mount table (except the root).
2018-07-28 18:10:06,706 INFO  UfsJournalCheckpointThread - FileSystemMaster: Journal checkpoint thread started.
2018-07-28 18:10:06,706 INFO  UfsJournalCheckpointThread - BlockMaster: Journal checkpointer shutdown has been initiated.
2018-07-28 18:10:06,714 INFO  UfsJournalReader - Reading journal file /Users/anonymous/Research/alluxio-la/journal/BlockMaster/v1/logs/0x0-0x1.
2018-07-28 18:10:06,714 INFO  UfsJournalReader - Reading journal file /Users/anonymous/Research/alluxio-la/journal/FileSystemMaster/v1/logs/0x0-0x1.
2018-07-28 18:10:06,765 INFO  UfsJournalReader - Reading journal file /Users/anonymous/Research/alluxio-la/journal/BlockMaster/v1/logs/0x1-0x10.
2018-07-28 18:10:06,769 INFO  UfsJournalReader - Reading journal file /Users/anonymous/Research/alluxio-la/journal/FileSystemMaster/v1/logs/0x1-0x2b.
2018-07-28 18:10:06,785 INFO  UfsJournalReader - Reading journal file /Users/anonymous/Research/alluxio-la/journal/BlockMaster/v1/logs/0x10-0x15.
2018-07-28 18:10:06,799 INFO  UfsJournalReader - Reading journal file /Users/anonymous/Research/alluxio-la/journal/FileSystemMaster/v1/logs/0x2b-0x33.
2018-07-28 18:10:06,802 INFO  UfsJournalReader - Reading journal file /Users/anonymous/Research/alluxio-la/journal/BlockMaster/v1/logs/0x15-0x46.
2018-07-28 18:10:06,803 INFO  UfsJournalReader - Reading journal file /Users/anonymous/Research/alluxio-la/journal/FileSystemMaster/v1/logs/0x33-0x93.
2018-07-28 18:10:06,821 INFO  UfsJournalReader - Reading journal file /Users/anonymous/Research/alluxio-la/journal/BlockMaster/v1/logs/0x46-0x5b.
2018-07-28 18:10:06,828 INFO  UfsJournalReader - Reading journal file /Users/anonymous/Research/alluxio-la/journal/FileSystemMaster/v1/logs/0x93-0xbb.
2018-07-28 18:10:06,831 INFO  UfsJournalReader - Reading journal file /Users/anonymous/Research/alluxio-la/journal/BlockMaster/v1/logs/0x5b-0x60.
2018-07-28 18:10:06,833 INFO  UfsJournalReader - Reading journal file /Users/anonymous/Research/alluxio-la/journal/FileSystemMaster/v1/logs/0xbb-0xc9.
2018-07-28 18:10:06,848 INFO  UfsJournalReader - Reading journal file /Users/anonymous/Research/alluxio-la/journal/BlockMaster/v1/logs/0x60-0x69.
2018-07-28 18:10:06,850 INFO  UfsJournalReader - Reading journal file /Users/anonymous/Research/alluxio-la/journal/FileSystemMaster/v1/logs/0xc9-0xd8.
2018-07-28 18:10:06,864 INFO  UfsJournalReader - Reading journal file /Users/anonymous/Research/alluxio-la/journal/BlockMaster/v1/logs/0x69-0x72.
2018-07-28 18:10:06,867 INFO  UfsJournalReader - Reading journal file /Users/anonymous/Research/alluxio-la/journal/FileSystemMaster/v1/logs/0xd8-0xe7.
2018-07-28 18:10:06,882 INFO  UfsJournalReader - Reading journal file /Users/anonymous/Research/alluxio-la/journal/BlockMaster/v1/logs/0x72-0x7f.
2018-07-28 18:10:06,884 INFO  UfsJournalReader - Reading journal file /Users/anonymous/Research/alluxio-la/journal/FileSystemMaster/v1/logs/0xe7-0x102.
2018-07-28 18:10:06,893 INFO  UfsJournalReader - Reading journal file /Users/anonymous/Research/alluxio-la/journal/BlockMaster/v1/logs/0x7f-0x8c.
2018-07-28 18:10:06,896 INFO  UfsJournalReader - Reading journal file /Users/anonymous/Research/alluxio-la/journal/FileSystemMaster/v1/logs/0x102-0x111.
2018-07-28 18:10:06,906 INFO  UfsJournalReader - Reading journal file /Users/anonymous/Research/alluxio-la/journal/BlockMaster/v1/logs/0x8c-0x93.
2018-07-28 18:10:06,908 INFO  UfsJournalReader - Reading journal file /Users/anonymous/Research/alluxio-la/journal/FileSystemMaster/v1/logs/0x111-0x1de.
2018-07-28 18:10:06,922 INFO  UfsJournalReader - Reading journal file /Users/anonymous/Research/alluxio-la/journal/BlockMaster/v1/logs/0x93-0x288.
2018-07-28 18:10:06,944 INFO  UfsJournalReader - Reading journal file /Users/anonymous/Research/alluxio-la/journal/BlockMaster/v1/logs/0x288-0x351.
2018-07-28 18:10:06,949 INFO  UfsJournalReader - Reading journal file /Users/anonymous/Research/alluxio-la/journal/FileSystemMaster/v1/logs/0x1de-0x56a.
2018-07-28 18:10:06,956 INFO  UfsJournalReader - Reading journal file /Users/anonymous/Research/alluxio-la/journal/BlockMaster/v1/logs/0x351-0x41a.
2018-07-28 18:10:06,991 INFO  UfsJournalReader - Reading journal file /Users/anonymous/Research/alluxio-la/journal/BlockMaster/v1/logs/0x41a-0x4e3.
2018-07-28 18:10:07,002 INFO  UfsJournalReader - Reading journal file /Users/anonymous/Research/alluxio-la/journal/BlockMaster/v1/logs/0x4e3-0x634.
2018-07-28 18:10:07,040 INFO  UfsJournalReader - Reading journal file /Users/anonymous/Research/alluxio-la/journal/BlockMaster/v1/logs/0x634-0x73b.
2018-07-28 18:10:07,047 INFO  UfsJournalReader - Reading journal file /Users/anonymous/Research/alluxio-la/journal/BlockMaster/v1/logs/0x73b-0xab1.
2018-07-28 18:10:07,051 INFO  UfsJournalReader - Reading journal file /Users/anonymous/Research/alluxio-la/journal/FileSystemMaster/v1/logs/0x56a-0x699.
2018-07-28 18:10:07,081 INFO  UfsJournalReader - Reading journal file /Users/anonymous/Research/alluxio-la/journal/BlockMaster/v1/logs/0xab1-0xb02.
2018-07-28 18:10:07,098 INFO  UfsJournalReader - Reading journal file /Users/anonymous/Research/alluxio-la/journal/FileSystemMaster/v1/logs/0x699-0x7c8.
2018-07-28 18:10:07,104 INFO  UfsJournalReader - Reading journal file /Users/anonymous/Research/alluxio-la/journal/BlockMaster/v1/logs/0xb02-0xb53.
2018-07-28 18:10:07,144 INFO  UfsJournalReader - Reading journal file /Users/anonymous/Research/alluxio-la/journal/FileSystemMaster/v1/logs/0x7c8-0x8f7.
2018-07-28 18:10:07,167 INFO  UfsJournalReader - Reading journal file /Users/anonymous/Research/alluxio-la/journal/FileSystemMaster/v1/logs/0x8f7-0xd6d.
2018-07-28 18:10:07,209 INFO  UfsJournalReader - Reading journal file /Users/anonymous/Research/alluxio-la/journal/FileSystemMaster/v1/logs/0xd6d-0x175d.
2018-07-28 18:10:07,236 INFO  UfsJournalReader - Reading journal file /Users/anonymous/Research/alluxio-la/journal/FileSystemMaster/v1/logs/0x175d-0x1c8b.
2018-07-28 18:10:07,261 INFO  UfsJournalReader - Reading journal file /Users/anonymous/Research/alluxio-la/journal/FileSystemMaster/v1/logs/0x1c8b-0x1d06.
2018-07-28 18:10:07,263 INFO  UfsJournalReader - Reading journal file /Users/anonymous/Research/alluxio-la/journal/FileSystemMaster/v1/logs/0x1d06-0x1d81.
2018-07-28 18:10:12,133 INFO  UfsJournalCheckpointThread - BlockMaster: Journal checkpoint thread has been shutdown. No new logs have been found during the quiet period.
2018-07-28 18:10:12,133 INFO  UfsJournalCheckpointThread - BlockMaster: Journal shutdown complete
2018-07-28 18:10:12,134 INFO  UfsJournalReader - Reading journal file /Users/anonymous/Research/alluxio-la/journal/BlockMaster/v1/logs/0xb53-0x7fffffffffffffff.
2018-07-28 18:10:12,139 INFO  UfsJournalCheckpointThread - FileSystemMaster: Journal checkpointer shutdown has been initiated.
2018-07-28 18:10:17,298 INFO  UfsJournalCheckpointThread - FileSystemMaster: Journal checkpoint thread has been shutdown. No new logs have been found during the quiet period.
2018-07-28 18:10:17,298 INFO  UfsJournalCheckpointThread - FileSystemMaster: Journal shutdown complete
2018-07-28 18:10:17,299 INFO  UfsJournalReader - Reading journal file /Users/anonymous/Research/alluxio-la/journal/FileSystemMaster/v1/logs/0x1d81-0x7fffffffffffffff.
2018-07-28 18:10:17,330 INFO  AbstractMaster - BlockMaster: Starting primary master.
2018-07-28 18:10:17,361 INFO  AbstractMaster - FileSystemMaster: Starting primary master.
2018-07-28 18:10:17,361 INFO  DefaultFileSystemMaster - Starting fs master as primary
2018-07-28 18:10:17,370 INFO  AlluxioMasterProcess - All masters started
2018-07-28 18:10:17,375 INFO  MetricsSystem - Starting sinks with config: {}.
2018-07-28 18:10:17,382 INFO  log - Logging initialized @11289ms
2018-07-28 18:10:17,482 INFO  Server - jetty-9.2.z-SNAPSHOT
2018-07-28 18:10:17,530 INFO  ContextHandler - Started o.e.j.s.ServletContextHandler@23529fee{/metrics/json,null,AVAILABLE}
2018-07-28 18:10:23,642 INFO  ContextHandler - Started o.e.j.w.WebAppContext@7c209437{/,file:/Users/anonymous/Research/alluxio-la/core/server/common/src/main/webapp/,AVAILABLE}{/Users/anonymous/Research/alluxio-la/core/server/common/src/main/webapp}
2018-07-28 18:10:23,648 INFO  ServerConnector - Started ServerConnector@201b6b6f{HTTP/1.1}{0.0.0.0:19999}
2018-07-28 18:10:23,648 INFO  Server - Started @17556ms
2018-07-28 18:10:23,648 INFO  WebServer - Alluxio Master Web service started @ /0.0.0.0:19999
2018-07-28 18:10:23,648 INFO  AlluxioMasterProcess - Alluxio master version 1.6.2-SNAPSHOT started. bindHost=/0.0.0.0:19998, connectHost=localhost/127.0.0.1:19998, rpcPort=19998, webPort=19999
2018-07-28 18:10:23,758 INFO  DefaultBlockMaster - getWorkerId(): WorkerNetAddress: WorkerNetAddress{host=143.89.76.29, rpcPort=29998, dataPort=29999, webPort=30000, domainSocketPath=} id: 7002002687286413721
2018-07-28 18:10:23,773 INFO  DefaultBlockMaster - registerWorker(): MasterWorkerInfo{id=7002002687286413721, workerAddress=WorkerNetAddress{host=143.89.76.29, rpcPort=29998, dataPort=29999, webPort=30000, domainSocketPath=}, capacityBytes=16821256192, usedBytes=461373440, lastUpdatedTimeMs=1532772623772, blocks=[67259858944, 352573194240, 352489308160, 352539639808, 352556417024, 352589971456, 352606748672, 352623525888, 352640303104, 352673857536, 352690634752, 352707411968, 352724189184, 352740966400, 352757743616, 352774520832, 352791298048, 352824852480, 352841629696, 352858406912, 352875184128, 352891961344, 352908738560, 352925515776, 352942292992, 352959070208, 352975847424, 352522862592, 352422199296, 352371867648, 352321536000, 352338313216, 352355090432, 352388644864, 352472530944]}
